/*C242*/SET SCHEMA PUBLIC
INSERT INTO PRODUCT VALUES(11,'2020-09-05','4355','43535',46,TRUE)
ALTER SEQUENCE PUBLIC.HIBERNATE_SEQUENCE RESTART WITH 12
COMMIT
INSERT INTO PRODUCT VALUES(12,'2020-09-05','-','\u041a\u043e\u043c\u043f\u044c\u044e\u0442\u0435\u0440\u044b',12,FALSE)
ALTER SEQUENCE PUBLIC.HIBERNATE_SEQUENCE RESTART WITH 13
COMMIT
DISCONNECT
/*C246*/SET SCHEMA PUBLIC
DISCONNECT
/*C249*/SET SCHEMA PUBLIC
DISCONNECT
/*C247*/SET SCHEMA PUBLIC
DISCONNECT
/*C245*/SET SCHEMA PUBLIC
DISCONNECT
/*C248*/SET SCHEMA PUBLIC
DISCONNECT
/*C251*/SET SCHEMA PUBLIC
DISCONNECT
/*C250*/SET SCHEMA PUBLIC
DISCONNECT
/*C244*/SET SCHEMA PUBLIC
DISCONNECT
/*C243*/SET SCHEMA PUBLIC
DISCONNECT
/*C252*/SET SCHEMA PUBLIC
INSERT INTO PRODUCT VALUES(13,'2020-09-05','-','\u041a\u043e\u043c\u043f\u044c\u044e\u0442\u0435\u0440\u044b',12,FALSE)
ALTER SEQUENCE PUBLIC.HIBERNATE_SEQUENCE RESTART WITH 14
COMMIT
INSERT INTO PRODUCT VALUES(14,'2020-09-05','342424','Strategios',2342,TRUE)
ALTER SEQUENCE PUBLIC.HIBERNATE_SEQUENCE RESTART WITH 15
COMMIT
DISCONNECT
/*C261*/SET SCHEMA PUBLIC
DISCONNECT
/*C253*/SET SCHEMA PUBLIC
DISCONNECT
/*C254*/SET SCHEMA PUBLIC
DISCONNECT
/*C259*/SET SCHEMA PUBLIC
DISCONNECT
/*C258*/SET SCHEMA PUBLIC
DISCONNECT
/*C257*/SET SCHEMA PUBLIC
DISCONNECT
/*C260*/SET SCHEMA PUBLIC
DISCONNECT
/*C255*/SET SCHEMA PUBLIC
DISCONNECT
/*C256*/SET SCHEMA PUBLIC
DISCONNECT
/*C262*/SET SCHEMA PUBLIC
INSERT INTO PRODUCT VALUES(15,'2020-09-05','342424','Strategios',2342,TRUE)
ALTER SEQUENCE PUBLIC.HIBERNATE_SEQUENCE RESTART WITH 16
COMMIT
INSERT INTO PRODUCT VALUES(16,'2020-09-06','43535','s0123160',34535,FALSE)
ALTER SEQUENCE PUBLIC.HIBERNATE_SEQUENCE RESTART WITH 17
COMMIT
/*C271*/SET SCHEMA PUBLIC
DISCONNECT
/*C262*/DISCONNECT
/*C263*/SET SCHEMA PUBLIC
DISCONNECT
/*C267*/SET SCHEMA PUBLIC
DISCONNECT
/*C266*/SET SCHEMA PUBLIC
DISCONNECT
/*C268*/SET SCHEMA PUBLIC
DISCONNECT
/*C270*/SET SCHEMA PUBLIC
DISCONNECT
/*C265*/SET SCHEMA PUBLIC
DISCONNECT
/*C264*/SET SCHEMA PUBLIC
DISCONNECT
/*C269*/SET SCHEMA PUBLIC
DISCONNECT
/*C272*/SET SCHEMA PUBLIC
INSERT INTO PRODUCT VALUES(17,'2020-09-06','43535','s0123160',34535,FALSE)
ALTER SEQUENCE PUBLIC.HIBERNATE_SEQUENCE RESTART WITH 18
COMMIT
INSERT INTO PRODUCT VALUES(18,'2020-09-06','4535','Strategios',43535,FALSE)
ALTER SEQUENCE PUBLIC.HIBERNATE_SEQUENCE RESTART WITH 19
COMMIT
/*C281*/SET SCHEMA PUBLIC
DISCONNECT
/*C272*/DISCONNECT
/*C275*/SET SCHEMA PUBLIC
DISCONNECT
/*C273*/SET SCHEMA PUBLIC
DISCONNECT
/*C278*/SET SCHEMA PUBLIC
DISCONNECT
/*C276*/SET SCHEMA PUBLIC
DISCONNECT
/*C277*/SET SCHEMA PUBLIC
DISCONNECT
/*C279*/SET SCHEMA PUBLIC
DISCONNECT
/*C280*/SET SCHEMA PUBLIC
DISCONNECT
/*C274*/SET SCHEMA PUBLIC
DISCONNECT
/*C282*/SET SCHEMA PUBLIC
INSERT INTO PRODUCT VALUES(19,'2020-09-06','4535','Strategios',43535,FALSE)
ALTER SEQUENCE PUBLIC.HIBERNATE_SEQUENCE RESTART WITH 20
COMMIT
INSERT INTO PRODUCT VALUES(20,'2020-09-06','4535','Strategios',43535,FALSE)
ALTER SEQUENCE PUBLIC.HIBERNATE_SEQUENCE RESTART WITH 21
COMMIT
INSERT INTO PRODUCT VALUES(21,'2020-09-06','4535','Strategios',43535,FALSE)
ALTER SEQUENCE PUBLIC.HIBERNATE_SEQUENCE RESTART WITH 22
COMMIT
/*C291*/SET SCHEMA PUBLIC
DISCONNECT
/*C282*/DISCONNECT
/*C283*/SET SCHEMA PUBLIC
DISCONNECT
/*C286*/SET SCHEMA PUBLIC
DISCONNECT
/*C287*/SET SCHEMA PUBLIC
DISCONNECT
/*C284*/SET SCHEMA PUBLIC
DISCONNECT
/*C288*/SET SCHEMA PUBLIC
DISCONNECT
/*C289*/SET SCHEMA PUBLIC
DISCONNECT
/*C290*/SET SCHEMA PUBLIC
DISCONNECT
/*C285*/SET SCHEMA PUBLIC
DISCONNECT
/*C292*/SET SCHEMA PUBLIC
INSERT INTO PRODUCT VALUES(22,'2020-08-31','1211121','Strategios',331,TRUE)
ALTER SEQUENCE PUBLIC.HIBERNATE_SEQUENCE RESTART WITH 23
COMMIT
DISCONNECT
/*C293*/SET SCHEMA PUBLIC
DISCONNECT
/*C298*/SET SCHEMA PUBLIC
DISCONNECT
/*C295*/SET SCHEMA PUBLIC
DISCONNECT
/*C297*/SET SCHEMA PUBLIC
DISCONNECT
/*C294*/SET SCHEMA PUBLIC
DISCONNECT
/*C301*/SET SCHEMA PUBLIC
DISCONNECT
/*C296*/SET SCHEMA PUBLIC
DISCONNECT
/*C299*/SET SCHEMA PUBLIC
DISCONNECT
/*C300*/SET SCHEMA PUBLIC
DISCONNECT
